{
  "RSpec": {
    "coverage": {
      "/mnt/e/Development/doei/spec/controllers/produtos_controller_spec.rb": [
        1,
        1,
        null,
        1,
        1,
        null,
        1,
        1,
        1,
        1,
        null,
        null,
        null,
        null,
        null,
        null,
        1,
        null,
        1,
        1,
        1,
        null,
        null,
        1,
        1,
        1,
        null,
        null,
        null,
        null,
        null,
        null,
        1,
        null,
        1,
        1,
        1,
        null,
        null,
        null
      ],
      "/mnt/e/Development/doei/spec/rails_helper.rb": [
        null,
        1,
        1,
        1,
        null,
        1,
        1,
        null,
        null,
        null,
        null,
        null,
        null,
        null,
        null,
        null,
        null,
        null,
        null,
        null,
        null,
        null,
        null,
        null,
        null,
        null,
        null,
        1,
        null,
        0,
        0,
        null,
        1,
        null,
        1,
        null,
        null,
        null,
        null,
        1,
        null,
        null,
        null,
        null,
        null,
        null,
        null,
        null,
        null,
        null,
        null,
        null,
        null,
        null,
        null,
        null,
        null,
        1,
        null,
        null,
        1,
        null,
        null,
        null
      ],
      "/mnt/e/Development/doei/config/environment.rb": [
        null,
        1,
        null,
        null,
        1
      ],
      "/mnt/e/Development/doei/config/application.rb": [
        1,
        null,
        1,
        null,
        null,
        null,
        1,
        null,
        1,
        1,
        null,
        1,
        null,
        null,
        null,
        null,
        null,
        1,
        1,
        1,
        1,
        null,
        null,
        null
      ],
      "/mnt/e/Development/doei/config/boot.rb": [
        1,
        null,
        1,
        1
      ],
      "/mnt/e/Development/doei/config/environments/test.rb": [
        null,
        null,
        null,
        null,
        null,
        1,
        null,
        null,
        1,
        1,
        null,
        null,
        null,
        null,
        1,
        null,
        null,
        1,
        1,
        null,
        null,
        null,
        null,
        1,
        1,
        1,
        null,
        null,
        1,
        null,
        null,
        1,
        null,
        null,
        1,
        null,
        1,
        null,
        null,
        null,
        null,
        1,
        null,
        null,
        1,
        null,
        null,
        null,
        1,
        null,
        null
      ],
      "/mnt/e/Development/doei/config/initializers/application_controller_renderer.rb": [
        null,
        null,
        null,
        null,
        null,
        null,
        null,
        null
      ],
      "/mnt/e/Development/doei/config/initializers/assets.rb": [
        null,
        null,
        null,
        1,
        null,
        null,
        null,
        null,
        1,
        null,
        null,
        null,
        null,
        null
      ],
      "/mnt/e/Development/doei/config/initializers/backtrace_silencers.rb": [
        null,
        null,
        null,
        null,
        null,
        null,
        null
      ],
      "/mnt/e/Development/doei/config/initializers/content_security_policy.rb": [
        null,
        null,
        null,
        null,
        null,
        null,
        null,
        null,
        null,
        null,
        null,
        null,
        null,
        null,
        null,
        null,
        null,
        null,
        null,
        null,
        null,
        null,
        null,
        null,
        null,
        null,
        null,
        null,
        null,
        null
      ],
      "/mnt/e/Development/doei/config/initializers/cookies_serializer.rb": [
        null,
        null,
        null,
        null,
        1
      ],
      "/mnt/e/Development/doei/config/initializers/filter_parameter_logging.rb": [
        null,
        null,
        null,
        1
      ],
      "/mnt/e/Development/doei/config/initializers/inflections.rb": [
        null,
        null,
        null,
        null,
        null,
        null,
        null,
        null,
        null,
        null,
        null,
        null,
        null,
        null,
        null,
        null
      ],
      "/mnt/e/Development/doei/config/initializers/mime_types.rb": [
        null,
        null,
        null,
        null
      ],
      "/mnt/e/Development/doei/config/initializers/wrap_parameters.rb": [
        null,
        null,
        null,
        null,
        null,
        null,
        1,
        2,
        null,
        null,
        null,
        null,
        null,
        null
      ],
      "/mnt/e/Development/doei/config/routes.rb": [
        1,
        1,
        1,
        1,
        1,
        1,
        1,
        1,
        1,
        1,
        1,
        1,
        1,
        1,
        1,
        1,
        1,
        null
      ],
      "/mnt/e/Development/doei/app/helpers/application_helper.rb": [
        1,
        null
      ],
      "/mnt/e/Development/doei/app/helpers/sessoes_helper.rb": [
        1,
        1,
        0,
        null,
        null,
        null,
        1,
        0,
        null,
        null,
        1,
        0,
        null,
        null,
        null,
        1,
        0,
        null,
        null,
        null,
        1,
        0,
        0,
        0,
        null,
        null,
        null
      ],
      "/mnt/e/Development/doei/app/helpers/usuarios_helper.rb": [
        1,
        null
      ],
      "/mnt/e/Development/doei/app/controllers/produtos_controller.rb": [
        1,
        1,
        1,
        0,
        null,
        null,
        1,
        0,
        null,
        null,
        1,
        0,
        0,
        null,
        0,
        null,
        null,
        1,
        0,
        0,
        0,
        null,
        0,
        0,
        0,
        0,
        0,
        0,
        0,
        null,
        0,
        null,
        null,
        0,
        0,
        null,
        0,
        null,
        null,
        null,
        1,
        0,
        null,
        null,
        1,
        1,
        0,
        null,
        null
      ],
      "/mnt/e/Development/doei/app/controllers/application_controller.rb": [
        1,
        1,
        1,
        1,
        null,
        1,
        0,
        null,
        1,
        0,
        null,
        1,
        0,
        null,
        1,
        1,
        null
      ],
      "/mnt/e/Development/doei/app/models/usuario.rb": [
        1,
        1,
        1,
        1,
        1,
        1,
        null,
        null,
        null,
        null,
        null,
        null,
        null
      ],
      "/mnt/e/Development/doei/app/models/produto.rb": [
        1,
        1,
        1,
        1,
        null
      ],
      "/mnt/e/Development/doei/app/models/application_record.rb": [
        1,
        1,
        null
      ]
    },
    "timestamp": 1603676126
  },
  "Unit Tests": {
    "coverage": {
    },
    "timestamp": 1603673206
  }
}
