{
  "RSpec": {
    "coverage": {
      "/home/usp/Desktop/UspSIn5005/Doei/Feedbacks/doei/spec/controllers/feedback_controller_spec.rb": [
        1,
        1,
        null,
        1,
        1,
        1,
        1,
        null,
        null,
        null,
        null,
        1,
        null,
        1,
        1,
        1,
        1,
        null,
        1,
        1,
        1,
        1,
        null,
        1,
        1,
        1,
        1,
        null,
        1,
        1,
        1,
        null,
        1,
        1,
        1,
        1,
        null,
        1,
        1,
        1,
        1,
        null,
        1,
        1,
        1,
        1,
        null,
        null,
        null
      ],
      "/home/usp/Desktop/UspSIn5005/Doei/Feedbacks/doei/spec/rails_helper.rb": [
        null,
        1,
        1,
        1,
        null,
        1,
        1,
        null,
        null,
        null,
        null,
        null,
        null,
        null,
        null,
        null,
        null,
        null,
        null,
        null,
        null,
        null,
        null,
        null,
        null,
        null,
        null,
        1,
        null,
        0,
        0,
        null,
        1,
        null,
        1,
        null,
        null,
        null,
        null,
        1,
        null,
        null,
        null,
        null,
        null,
        null,
        null,
        null,
        null,
        null,
        null,
        null,
        null,
        null,
        null,
        null,
        null,
        1,
        null,
        null,
        1,
        null,
        null,
        null
      ],
      "/home/usp/Desktop/UspSIn5005/Doei/Feedbacks/doei/config/environment.rb": [
        null,
        1,
        null,
        null,
        1
      ],
      "/home/usp/Desktop/UspSIn5005/Doei/Feedbacks/doei/config/application.rb": [
        1,
        null,
        1,
        null,
        null,
        null,
        1,
        null,
        1,
        1,
        null,
        1,
        null,
        null,
        null,
        null,
        null,
        1,
        1,
        1,
        1,
        null,
        null,
        null
      ],
      "/home/usp/Desktop/UspSIn5005/Doei/Feedbacks/doei/config/boot.rb": [
        1,
        null,
        1,
        1
      ],
      "/home/usp/Desktop/UspSIn5005/Doei/Feedbacks/doei/config/environments/test.rb": [
        null,
        null,
        null,
        null,
        null,
        1,
        null,
        null,
        1,
        1,
        null,
        null,
        null,
        null,
        1,
        null,
        null,
        1,
        1,
        null,
        null,
        null,
        null,
        1,
        1,
        1,
        null,
        null,
        1,
        null,
        null,
        1,
        null,
        null,
        1,
        null,
        1,
        null,
        null,
        null,
        null,
        1,
        null,
        null,
        1,
        null,
        null,
        null,
        1,
        null,
        null
      ],
      "/home/usp/Desktop/UspSIn5005/Doei/Feedbacks/doei/config/initializers/application_controller_renderer.rb": [
        null,
        null,
        null,
        null,
        null,
        null,
        null,
        null
      ],
      "/home/usp/Desktop/UspSIn5005/Doei/Feedbacks/doei/config/initializers/assets.rb": [
        null,
        null,
        null,
        1,
        null,
        null,
        null,
        null,
        1,
        null,
        null,
        null,
        null,
        null
      ],
      "/home/usp/Desktop/UspSIn5005/Doei/Feedbacks/doei/config/initializers/backtrace_silencers.rb": [
        null,
        null,
        null,
        null,
        null,
        null,
        null
      ],
      "/home/usp/Desktop/UspSIn5005/Doei/Feedbacks/doei/config/initializers/content_security_policy.rb": [
        null,
        null,
        null,
        null,
        null,
        null,
        null,
        null,
        null,
        null,
        null,
        null,
        null,
        null,
        null,
        null,
        null,
        null,
        null,
        null,
        null,
        null,
        null,
        null,
        null,
        null,
        null,
        null,
        null,
        null
      ],
      "/home/usp/Desktop/UspSIn5005/Doei/Feedbacks/doei/config/initializers/cookies_serializer.rb": [
        null,
        null,
        null,
        null,
        1
      ],
      "/home/usp/Desktop/UspSIn5005/Doei/Feedbacks/doei/config/initializers/filter_parameter_logging.rb": [
        null,
        null,
        null,
        1
      ],
      "/home/usp/Desktop/UspSIn5005/Doei/Feedbacks/doei/config/initializers/inflections.rb": [
        null,
        null,
        null,
        null,
        null,
        null,
        null,
        null,
        null,
        null,
        null,
        null,
        null,
        null,
        null,
        null
      ],
      "/home/usp/Desktop/UspSIn5005/Doei/Feedbacks/doei/config/initializers/mime_types.rb": [
        null,
        null,
        null,
        null
      ],
      "/home/usp/Desktop/UspSIn5005/Doei/Feedbacks/doei/config/initializers/wrap_parameters.rb": [
        null,
        null,
        null,
        null,
        null,
        null,
        1,
        2,
        null,
        null,
        null,
        null,
        null,
        null
      ],
      "/home/usp/Desktop/UspSIn5005/Doei/Feedbacks/doei/config/routes.rb": [
        1,
        1,
        1,
        1,
        1,
        1,
        1,
        1,
        1,
        1,
        1,
        1,
        1,
        1,
        1,
        1,
        1,
        1,
        1,
        1,
        null
      ],
      "/home/usp/Desktop/UspSIn5005/Doei/Feedbacks/doei/app/helpers/application_helper.rb": [
        1,
        null
      ],
      "/home/usp/Desktop/UspSIn5005/Doei/Feedbacks/doei/app/helpers/sessoes_helper.rb": [
        1,
        1,
        0,
        null,
        null,
        null,
        1,
        0,
        null,
        null,
        1,
        0,
        null,
        null,
        null,
        1,
        0,
        null,
        null,
        null,
        1,
        0,
        0,
        0,
        null,
        null,
        null
      ],
      "/home/usp/Desktop/UspSIn5005/Doei/Feedbacks/doei/app/helpers/usuarios_helper.rb": [
        1,
        null
      ],
      "/home/usp/Desktop/UspSIn5005/Doei/Feedbacks/doei/app/controllers/feedbacks_controller.rb": [
        1,
        1,
        1,
        1,
        null,
        1,
        1,
        null,
        1,
        3,
        3,
        2,
        null,
        1,
        null,
        null,
        1,
        1,
        null,
        1,
        1,
        null,
        1,
        1,
        3,
        null,
        null
      ],
      "/home/usp/Desktop/UspSIn5005/Doei/Feedbacks/doei/app/controllers/application_controller.rb": [
        1,
        1,
        1,
        1,
        null,
        1,
        1,
        null,
        1,
        1,
        null,
        1,
        1,
        null,
        1,
        1,
        null
      ],
      "/home/usp/Desktop/UspSIn5005/Doei/Feedbacks/doei/spec/controllers/produtos_controller_spec.rb": [
        1,
        1,
        null,
        1,
        1,
        null,
        1,
        1,
        1,
        1,
        null,
        null,
        null,
        null,
        null,
        null,
        1,
        null,
        1,
        1,
        1,
        null,
        null,
        1,
        1,
        1,
        null,
        null,
        null,
        null,
        null,
        null,
        1,
        null,
        1,
        1,
        1,
        null,
        null,
        1,
        1,
        1,
        null,
        null,
        null,
        null,
        null,
        null,
        1,
        null,
        1,
        1,
        1,
        0,
        0,
        null,
        null,
        null,
        null
      ],
      "/home/usp/Desktop/UspSIn5005/Doei/Feedbacks/doei/app/controllers/produtos_controller.rb": [
        1,
        1,
        1,
        0,
        null,
        null,
        1,
        0,
        null,
        null,
        1,
        0,
        null,
        null,
        1,
        0,
        0,
        0,
        null,
        0,
        0,
        0,
        0,
        0,
        0,
        0,
        null,
        0,
        null,
        null,
        0,
        0,
        null,
        0,
        0,
        null,
        null,
        null,
        1,
        0,
        0,
        null,
        0,
        null,
        null,
        1,
        0,
        0,
        0,
        null,
        0,
        0,
        0,
        0,
        0,
        0,
        0,
        null,
        0,
        null,
        null,
        0,
        0,
        null,
        0,
        null,
        null,
        null,
        1,
        0,
        null,
        null,
        1,
        0,
        null,
        null,
        1,
        1,
        0,
        null,
        null,
        1,
        0,
        0,
        null,
        null
      ],
      "/home/usp/Desktop/UspSIn5005/Doei/Feedbacks/doei/spec/controllers/usuarios_controller_spec.rb": [
        1,
        1,
        null,
        1,
        1,
        null,
        1,
        1,
        1,
        1,
        null,
        null,
        null,
        null,
        null,
        null,
        1,
        null,
        1,
        1,
        1,
        1,
        2,
        1,
        null,
        null,
        1,
        1,
        1,
        null,
        null,
        null,
        null,
        null,
        null,
        null,
        1,
        1,
        0,
        0,
        null,
        1,
        null,
        null,
        null
      ],
      "/home/usp/Desktop/UspSIn5005/Doei/Feedbacks/doei/app/controllers/usuarios_controller.rb": [
        1,
        1,
        1,
        null,
        1,
        0,
        null,
        null,
        null,
        null,
        null,
        null,
        null,
        null,
        null,
        null,
        1,
        0,
        null,
        null,
        null,
        null,
        1,
        null,
        null,
        null,
        null,
        1,
        null,
        null,
        null,
        null,
        1,
        0,
        0,
        0,
        0,
        0,
        null,
        0,
        0,
        null,
        null,
        null,
        null,
        null,
        null,
        1,
        0,
        0,
        0,
        0,
        null,
        0,
        0,
        null,
        null,
        null,
        null,
        null,
        null,
        1,
        1,
        1,
        1,
        1,
        1,
        2,
        1,
        null,
        null,
        null,
        1,
        null,
        1,
        1,
        null,
        null,
        null,
        1,
        0,
        null,
        null
      ],
      "/home/usp/Desktop/UspSIn5005/Doei/Feedbacks/doei/spec/models/feedback_spec.rb": [
        1,
        1,
        null,
        1,
        1,
        1,
        1,
        1,
        1,
        null,
        1,
        1,
        1,
        1,
        1,
        1,
        null,
        1,
        1,
        1,
        1,
        1,
        1,
        null,
        1,
        1,
        1,
        1,
        1,
        1,
        null,
        1,
        1,
        1,
        1,
        1,
        1,
        null,
        null
      ],
      "/home/usp/Desktop/UspSIn5005/Doei/Feedbacks/doei/app/models/feedback.rb": [
        1,
        1,
        null
      ],
      "/home/usp/Desktop/UspSIn5005/Doei/Feedbacks/doei/app/models/application_record.rb": [
        1,
        1,
        null
      ],
      "/home/usp/Desktop/UspSIn5005/Doei/Feedbacks/doei/spec/models/produto_spec.rb": [
        1,
        1,
        null,
        1,
        1,
        null,
        1,
        1,
        1,
        1,
        1,
        1,
        1,
        null,
        1,
        1,
        1,
        1,
        1,
        null,
        1,
        1,
        1,
        1,
        1,
        1,
        1,
        null,
        1,
        1,
        1,
        1,
        1,
        1,
        1,
        null,
        1,
        1,
        1,
        1,
        1,
        1,
        1,
        null,
        null
      ],
      "/home/usp/Desktop/UspSIn5005/Doei/Feedbacks/doei/app/models/produto.rb": [
        1,
        1,
        1,
        1,
        1,
        null,
        null
      ],
      "/home/usp/Desktop/UspSIn5005/Doei/Feedbacks/doei/spec/models/usuario_spec.rb": [
        1,
        1,
        null,
        1,
        1,
        null,
        1,
        7,
        1,
        1,
        1,
        1,
        1,
        1,
        null,
        1,
        1,
        1,
        1,
        1,
        1,
        1,
        null,
        1,
        1,
        1,
        1,
        1,
        1,
        1,
        null,
        1,
        1,
        1,
        1,
        1,
        1,
        1,
        1,
        null,
        1,
        1,
        1,
        1,
        1,
        1,
        1,
        1,
        null,
        1,
        1,
        1,
        1,
        1,
        1,
        1,
        null,
        null
      ],
      "/home/usp/Desktop/UspSIn5005/Doei/Feedbacks/doei/app/models/usuario.rb": [
        1,
        1,
        1,
        1,
        1,
        1,
        null,
        null,
        null,
        null,
        null,
        null,
        null
      ],
      "/home/usp/Desktop/UspSIn5005/Doei/Feedbacks/doei/spec/requests/default_request_spec.rb": [
        1,
        null,
        1,
        null,
        null
      ],
      "/home/usp/Desktop/UspSIn5005/Doei/Feedbacks/doei/spec/requests/produtos_request_spec.rb": [
        1,
        null,
        1,
        null,
        null
      ]
    },
    "timestamp": 1604764324
  },
  "Unit Tests": {
    "coverage": {
    },
    "timestamp": 1603673206
  }
}
